
precomp_base: system execution failed.
Following is the set of recorded exceptions:

-------------------------------------------------------------------------------
Class / Object      Routine                Nature of exception           Effect
-------------------------------------------------------------------------------
STRING_8            to_integer @1          is_integer:                  
<0000000003A90E18>  (From READABLE_STRING_8)
                                           Precondition violated.        Fail
-------------------------------------------------------------------------------
TAB2PS              set_setting @4                                      
<0000000003A909A8>                         Routine failure.              Fail
-------------------------------------------------------------------------------
TAB2PS              execute @16                                         
<0000000003A909A8>                         Routine failure.              Fail
-------------------------------------------------------------------------------
UNIVERSAL_TRANSFORMER
                    make @14               
<0000000003A905A8>                         Routine failure.              Fail
-------------------------------------------------------------------------------
UNIVERSAL_TRANSFORMER
                    root's creation        
<0000000003A905A8>                         Routine failure.              Exit
-------------------------------------------------------------------------------

precomp_base: system execution failed.
Following is the set of recorded exceptions:

-------------------------------------------------------------------------------
Class / Object      Routine                Nature of exception           Effect
-------------------------------------------------------------------------------
STRING_8            to_integer @1          is_integer:                  
<0000000003A70E18>  (From READABLE_STRING_8)
                                           Precondition violated.        Fail
-------------------------------------------------------------------------------
TAB2PS              set_setting @4                                      
<0000000003A709A8>                         Routine failure.              Fail
-------------------------------------------------------------------------------
TAB2PS              execute @16                                         
<0000000003A709A8>                         Routine failure.              Fail
-------------------------------------------------------------------------------
UNIVERSAL_TRANSFORMER
                    make @14               
<0000000003A705A8>                         Routine failure.              Fail
-------------------------------------------------------------------------------
UNIVERSAL_TRANSFORMER
                    root's creation        
<0000000003A705A8>                         Routine failure.              Exit
-------------------------------------------------------------------------------

precomp_base: system execution failed.
Following is the set of recorded exceptions:

-------------------------------------------------------------------------------
Class / Object      Routine                Nature of exception           Effect
-------------------------------------------------------------------------------
STRING_8            at @1                  index_large_enough:          
<0000000003AD0AA8>                         Runtime check violated.       Fail
-------------------------------------------------------------------------------
STRING_8            at @1                                               
<0000000003AD0AA8>                         Routine failure.              Fail
-------------------------------------------------------------------------------
TAB2PS              execute @26                                         
<0000000003AD09A8>                         Routine failure.              Fail
-------------------------------------------------------------------------------
UNIVERSAL_TRANSFORMER
                    make @14               
<0000000003AD05A8>                         Routine failure.              Fail
-------------------------------------------------------------------------------
UNIVERSAL_TRANSFORMER
                    root's creation        
<0000000003AD05A8>                         Routine failure.              Exit
-------------------------------------------------------------------------------
